[0m[[0m[0mdebug[0m] [0m[0m> Exec(test, Some(9c51ba14-881d-4e48-9957-e67d588d694a), Some(CommandSource(console0)))[0m
[0m[[0m[0mdebug[0m] [0m[0mEvaluating tasks: Test / test[0m
[0m[[0m[0mdebug[0m] [0m[0mRunning task... Cancel: Signal, check cycles: false, forcegc: true[0m
[0m[[0m[0minfo[0m] [0m[0mcompiling 1 Scala source to /home/aryzach/Documents/Projects/Active/gitcloneinscalazio/target/scala-2.13/test-classes ...[0m
[0m[[0m[0minfo[0m] [0m[0m[32mCubeCalculatorTest:[0m[0m
[0m[[0m[0minfo[0m] [0m[0m[32m- CubeCalculator.cube[0m[0m
[0m[[0m[0minfo[0m] [0m[0m[32mRefDiscoveryTest:[0m[0m
[0m[[0m[0minfo[0m] [0m[0m[31m- RefDiscovery.pktLine *** FAILED ***[0m[0m
[0m[[0m[0minfo[0m] [0m[0m[31m  "[]a[0m[0m
[0m[[0m[0minfo[0m] [0m[0m[31m  " did not equal "[0006]a[0m[0m
[0m[[0m[0minfo[0m] [0m[0m[31m  " (refDiscoveryTest.scala:3)[0m[0m
[0m[[0m[0minfo[0m] [0m[0m[31m  Analysis:[0m[0m
[0m[[0m[0minfo[0m] [0m[0m[31m  "[]a[0m[0m
[0m[[0m[0minfo[0m] [0m[0m[31m" -> "[0006]a[0m[0m
[0m[[0m[0minfo[0m] [0m[0m[31m"[0m[0m
[0m[[0m[0minfo[0m] [0m[0m[36mRun completed in 643 milliseconds.[0m[0m
[0m[[0m[0minfo[0m] [0m[0m[36mTotal number of tests run: 2[0m[0m
[0m[[0m[0minfo[0m] [0m[0m[36mSuites: completed 2, aborted 0[0m[0m
[0m[[0m[0minfo[0m] [0m[0m[36mTests: succeeded 1, failed 1, canceled 0, ignored 0, pending 0[0m[0m
[0m[[0m[0minfo[0m] [0m[0m[31m*** 1 TEST FAILED ***[0m[0m
[0m[[0m[31merror[0m] [0m[0mFailed tests:[0m
[0m[[0m[31merror[0m] [0m[0m	RefDiscoveryTest[0m
[0m[[0m[31merror[0m] [0m[0m(Test / [31mtest[0m) sbt.TestsFailedException: Tests unsuccessful[0m
[0m[[0m[31merror[0m] [0m[0mTotal time: 3 s, completed Aug 29, 2021, 8:41:38 PM[0m
[0m[[0m[0mdebug[0m] [0m[0m> Exec(shell, None, None)[0m
